<?xml version="1.0" encoding="UTF-8"?>
<!-- Generated by org.testng.reporters.JUnitXMLReporter -->
<testsuite ignored="0" hostname="Siddivinayak" failures="1" tests="20" name="EdgeTest" time="48.987" errors="0" timestamp="2025-01-26T14:44:32 IST">
  <testcase classname="automatedtest.CapstoneProject" name="verifyNavigationMenu" time="0.032"/>
  <testcase classname="automatedtest.CapstoneProject" name="verifyNavigationElement_1" time="0.025"/>
  <testcase classname="automatedtest.CapstoneProject" name="verifyNavigationElement_2" time="0.02"/>
  <testcase classname="automatedtest.CapstoneProject" name="verifyNavigationElement_3" time="0.019"/>
  <testcase classname="automatedtest.CapstoneProject" name="verifyNavigationElement_4" time="0.03"/>
  <testcase classname="automatedtest.CapstoneProject" name="verifyNavigationElement_5" time="0.032"/>
  <testcase classname="automatedtest.CapstoneProject" name="verifyNavigationElement_6" time="0.042"/>
  <testcase classname="automatedtest.CapstoneProject" name="verifyNavigationElement_7" time="0.034"/>
  <testcase classname="automatedtest.CapstoneProject" name="searchBarFunctionality" time="1.063"/>
  <testcase classname="automatedtest.CapstoneProject" name="verifyHealthProgram_1" time="1.021"/>
  <testcase classname="automatedtest.CapstoneProject" name="verifyHealthProgram_2" time="0.32">
    <failure type="java.lang.AssertionError" message="Content mismatch expected [AHEC SCHOLARS] but found [TOBACCO]">
      <![CDATA[java.lang.AssertionError: Content mismatch expected [AHEC SCHOLARS] but found [TOBACCO]
at automatedtest.CapstoneProject.verifyHealthProgram_2(CapstoneProject.java:235)
at java.base/java.util.ArrayList.forEach(ArrayList.java:1597)
... Removed 30 stack frames]]>
    </failure>
  </testcase> <!-- verifyHealthProgram_2 -->
  <testcase classname="automatedtest.CapstoneProject" name="verifyHealthProgram_3" time="1.781"/>
  <testcase classname="automatedtest.CapstoneProject" name="verifyHealthProgram_4" time="6.944"/>
  <testcase classname="automatedtest.CapstoneProject" name="contactUsPageAddress" time="1.089"/>
  <testcase classname="automatedtest.CapstoneProject" name="contactUsPageCallUs" time="0.961"/>
  <testcase classname="automatedtest.CapstoneProject" name="contactUsPageFax" time="0.832"/>
  <testcase classname="automatedtest.CapstoneProject" name="contactUsPageEmailUs" time="0.885"/>
  <testcase classname="automatedtest.CapstoneProject" name="verifyForm" time="4.097"/>
  <testcase classname="automatedtest.CapstoneProject" name="userLogin" time="16.444"/>
  <testcase classname="automatedtest.CapstoneProject" name="passwordRecovery" time="7.118"/>
</testsuite> <!-- EdgeTest -->
