<?xml version="1.0" encoding="UTF-8"?>
<!-- Generated by org.testng.reporters.JUnitXMLReporter -->
<testsuite ignored="0" hostname="Siddivinayak" failures="3" tests="20" name="Test" time="52.968" errors="0" timestamp="2025-01-25T14:15:15 IST">
  <testcase classname="automatedtest.CapstoneProject" name="verifyNavigationMenu" time="9.131"/>
  <testcase classname="automatedtest.CapstoneProject" name="verifyNavigationElement_1" time="0.046"/>
  <testcase classname="automatedtest.CapstoneProject" name="verifyNavigationElement_2" time="0.036"/>
  <testcase classname="automatedtest.CapstoneProject" name="verifyNavigationElement_3" time="0.034"/>
  <testcase classname="automatedtest.CapstoneProject" name="verifyNavigationElement_4" time="0.034"/>
  <testcase classname="automatedtest.CapstoneProject" name="verifyNavigationElement_5" time="0.035"/>
  <testcase classname="automatedtest.CapstoneProject" name="verifyNavigationElement_6" time="0.032"/>
  <testcase classname="automatedtest.CapstoneProject" name="verifyNavigationElement_7" time="0.036"/>
  <testcase classname="automatedtest.CapstoneProject" name="searchBarFunctionality" time="2.175"/>
  <testcase classname="automatedtest.CapstoneProject" name="verifyHealthProgram_1" time="0.423">
    <failure type="java.lang.AssertionError" message="Content mismatch expected [TOBACCO] but found [Search results for: Health programs]">
      <![CDATA[java.lang.AssertionError: Content mismatch expected [TOBACCO] but found [Search results for: Health programs]
at automatedtest.CapstoneProject.verifyHealthProgram_1(CapstoneProject.java:209)
at java.base/java.util.ArrayList.forEach(ArrayList.java:1597)
... Removed 30 stack frames]]>
    </failure>
  </testcase> <!-- verifyHealthProgram_1 -->
  <testcase classname="automatedtest.CapstoneProject" name="verifyHealthProgram_2" time="0.358">
    <failure type="java.lang.AssertionError" message="Content mismatch expected [AHEC SCHOLARS] but found [Search results for: Health programs]">
      <![CDATA[java.lang.AssertionError: Content mismatch expected [AHEC SCHOLARS] but found [Search results for: Health programs]
at automatedtest.CapstoneProject.verifyHealthProgram_2(CapstoneProject.java:233)
at java.base/java.util.ArrayList.forEach(ArrayList.java:1597)
... Removed 30 stack frames]]>
    </failure>
  </testcase> <!-- verifyHealthProgram_2 -->
  <testcase classname="automatedtest.CapstoneProject" name="verifyHealthProgram_3" time="0.395">
    <failure type="java.lang.AssertionError" message="Content mismatch expected [HEALTHY AGING] but found [Search results for: Health programs]">
      <![CDATA[java.lang.AssertionError: Content mismatch expected [HEALTHY AGING] but found [Search results for: Health programs]
at automatedtest.CapstoneProject.verifyHealthProgram_3(CapstoneProject.java:257)
at java.base/java.util.ArrayList.forEach(ArrayList.java:1597)
... Removed 30 stack frames]]>
    </failure>
  </testcase> <!-- verifyHealthProgram_3 -->
  <testcase classname="automatedtest.CapstoneProject" name="verifyHealthProgram_4" time="0.496"/>
  <testcase classname="automatedtest.CapstoneProject" name="contactUsPageAddress" time="1.726"/>
  <testcase classname="automatedtest.CapstoneProject" name="contactUsPageCallUs" time="0.941"/>
  <testcase classname="automatedtest.CapstoneProject" name="contactUsPageFax" time="0.952"/>
  <testcase classname="automatedtest.CapstoneProject" name="contactUsPageEmailUs" time="0.935"/>
  <testcase classname="automatedtest.CapstoneProject" name="verifyForm" time="6.52"/>
  <testcase classname="automatedtest.CapstoneProject" name="userLogin" time="17.44"/>
  <testcase classname="automatedtest.CapstoneProject" name="passwordRecovery" time="7.539"/>
</testsuite> <!-- Test -->
